<?xml version="1.0" encoding="UTF-8"?>
<!-- Generated by org.testng.reporters.JUnitXMLReporter -->
<testsuite hostname="DESKTOP-QQACKJ4" name="CNET_ChangeManagement Scenarios" tests="3" failures="0" timestamp="29 Oct 2018 15:32:27 GMT" time="524.771" errors="0">
  <testcase name="feature" time="181.153" classname="runner.RunCukes"/>
  <testcase name="feature" time="182.436" classname="runner.RunCukes"/>
  <testcase name="feature" time="159.625" classname="runner.RunCukes"/>
</testsuite> <!-- CNET_ChangeManagement Scenarios -->
