<?xml version="1.0" encoding="UTF-8"?>
<!-- Generated by org.testng.reporters.JUnitXMLReporter -->
<testsuite hostname="DESKTOP-QQACKJ4" name="CNET_Incident Automation Scenarios" tests="0" failures="0" timestamp="1 Oct 2018 16:21:47 GMT" time="1.197" errors="0">
  <testcase name="@AfterClass teardown" time="0.0" classname="runner.RunCukes">
    <failure type="java.lang.NullPointerException">
      <![CDATA[java.lang.NullPointerException
	at com.cucumber.listener.Reporter.loadXMLConfig(Reporter.java:70)
	at runner.RunCukes.teardown(RunCukes.java:33)
... Removed 27 stack frames]]>
    </failure>
  </testcase> <!-- @AfterClass teardown -->
</testsuite> <!-- CNET_Incident Automation Scenarios -->
