<?xml version="1.0" encoding="UTF-8"?>
<testng-results skipped="0" failed="0" total="3" passed="3">
  <reporter-output>
  </reporter-output>
  <suite name="CNET_ChangeManagement" duration-ms="524771" started-at="2018-10-29T15:23:42Z" finished-at="2018-10-29T15:32:27Z">
    <groups>
      <group name="cucumber">
        <method signature="AbstractTestNGCucumberTests.feature(cucumber.api.testng.CucumberFeatureWrapper)[pri:0, instance:runner.RunCukes@28d25987]" name="feature" class="cucumber.api.testng.AbstractTestNGCucumberTests"/>
      </group> <!-- cucumber -->
    </groups>
    <test name="CNET_ChangeManagement Scenarios" duration-ms="524771" started-at="2018-10-29T15:23:42Z" finished-at="2018-10-29T15:32:27Z">
      <class name="runner.RunCukes">
        <test-method status="PASS" signature="setUpClass()[pri:0, instance:runner.RunCukes@28d25987]" name="setUpClass" is-config="true" duration-ms="580" started-at="2018-10-29T20:53:42Z" finished-at="2018-10-29T20:53:42Z">
          <reporter-output>
          </reporter-output>
        </test-method> <!-- setUpClass -->
        <test-method status="PASS" signature="setup()[pri:0, instance:runner.RunCukes@28d25987]" name="setup" is-config="true" duration-ms="33" started-at="2018-10-29T20:53:42Z" finished-at="2018-10-29T20:53:42Z">
          <reporter-output>
          </reporter-output>
        </test-method> <!-- setup -->
        <test-method status="PASS" signature="feature(cucumber.api.testng.CucumberFeatureWrapper)[pri:0, instance:runner.RunCukes@28d25987]" name="feature" duration-ms="181153" started-at="2018-10-29T20:53:43Z" description="Runs Cucumber Feature" data-provider="features" finished-at="2018-10-29T20:56:44Z">
          <params>
            <param index="0">
              <value>
                <![CDATA[CNET CHANGE REQUEST AUTOMATION SCENARIOS]]>
              </value>
            </param>
          </params>
          <reporter-output>
          </reporter-output>
        </test-method> <!-- feature -->
        <test-method status="PASS" signature="feature(cucumber.api.testng.CucumberFeatureWrapper)[pri:0, instance:runner.RunCukes@28d25987]" name="feature" duration-ms="182436" started-at="2018-10-29T20:56:44Z" description="Runs Cucumber Feature" data-provider="features" finished-at="2018-10-29T20:59:46Z">
          <params>
            <param index="0">
              <value>
                <![CDATA[CNET CHANGE REQUEST AUTOMATION SCENARIOS]]>
              </value>
            </param>
          </params>
          <reporter-output>
          </reporter-output>
        </test-method> <!-- feature -->
        <test-method status="PASS" signature="feature(cucumber.api.testng.CucumberFeatureWrapper)[pri:0, instance:runner.RunCukes@28d25987]" name="feature" duration-ms="159625" started-at="2018-10-29T20:59:46Z" description="Runs Cucumber Feature" data-provider="features" finished-at="2018-10-29T21:02:26Z">
          <params>
            <param index="0">
              <value>
                <![CDATA[CNET CHANGE REQUEST AUTOMATION SCENARIOS]]>
              </value>
            </param>
          </params>
          <reporter-output>
          </reporter-output>
        </test-method> <!-- feature -->
        <test-method status="PASS" signature="teardown()[pri:0, instance:runner.RunCukes@28d25987]" name="teardown" is-config="true" duration-ms="217" started-at="2018-10-29T21:02:26Z" finished-at="2018-10-29T21:02:26Z">
          <reporter-output>
          </reporter-output>
        </test-method> <!-- teardown -->
        <test-method status="PASS" signature="tearDownClass()[pri:0, instance:runner.RunCukes@28d25987]" name="tearDownClass" is-config="true" duration-ms="540" started-at="2018-10-29T21:02:26Z" finished-at="2018-10-29T21:02:27Z">
          <reporter-output>
          </reporter-output>
        </test-method> <!-- tearDownClass -->
      </class> <!-- runner.RunCukes -->
    </test> <!-- CNET_ChangeManagement Scenarios -->
  </suite> <!-- CNET_ChangeManagement -->
</testng-results>
